Wed Jan 14 2015 15:26:29 GMT-0800 (PST):
{ [Error: Unable to locate site named purelinks.azure.net]
  stack: [Getter/Setter],
  __frame: 
   { name: 'lookupSiteNameAndWebSpace__20',
     line: 871,
     file: '/Users/HR10/.nvm/v0.10.25/lib/node_modules/azure-cli/lib/commands/asm/websites/websitesclient._js',
     prev: 
      { name: 'siteAppsettings_listCommand__1',
        line: 33,
        file: '/Users/HR10/.nvm/v0.10.25/lib/node_modules/azure-cli/lib/commands/asm/site.appsetting._js',
        prev: undefined,
        active: false,
        offset: 10,
        col: 6 },
     active: false,
     offset: 12,
     col: 4 },
  rawStack: [Getter] }
Error: Unable to locate site named purelinks.azure.net
    at ___ (/Users/HR10/.nvm/v0.10.25/lib/node_modules/azure-cli/lib/commands/asm/websites/websitesclient._js:867:20)
    at ___ (/Users/HR10/.nvm/v0.10.25/lib/node_modules/azure-cli/node_modules/streamline/lib/callbacks/runtime.js:85:13)
    at ___ (/Users/HR10/.nvm/v0.10.25/lib/node_modules/azure-cli/lib/commands/asm/websites/websitesclient._js:473:131)
    at __tryCatch (/Users/HR10/.nvm/v0.10.25/lib/node_modules/azure-cli/node_modules/streamline/lib/callbacks/runtime.js:141:4)
    at ___ (/Users/HR10/.nvm/v0.10.25/lib/node_modules/azure-cli/lib/commands/asm/websites/websitesclient._js:473:67)
    at getSites__7 (/Users/HR10/.nvm/v0.10.25/lib/node_modules/azure-cli/lib/commands/asm/websites/websitesclient._js:473:33)
    at lookupSiteNameAndWebSpace__20 (/Users/HR10/.nvm/v0.10.25/lib/node_modules/azure-cli/lib/commands/asm/websites/websitesclient._js:883:4)
    at siteAppsettings_listCommand__1 (/Users/HR10/.nvm/v0.10.25/lib/node_modules/azure-cli/lib/commands/asm/site.appsetting._js:43:6)

